Pig Stack Trace
---------------
ERROR 2271: Logical plan invalid state: invalid uid -1 in schema : #-1:bytearray,#15:bytearray,#16:bytearray,#17:bytearray

Failed to parse: Pig script failed to parse: 
<line 4, column 4> pig script failed to validate: org.apache.pig.impl.plan.PlanValidationException: ERROR 2271: Logical plan invalid state: invalid uid -1 in schema : #-1:bytearray,#15:bytearray,#16:bytearray,#17:bytearray
	at org.apache.pig.parser.QueryParserDriver.parse(QueryParserDriver.java:196)
	at org.apache.pig.PigServer$Graph.validateQuery(PigServer.java:1648)
	at org.apache.pig.PigServer$Graph.registerQuery(PigServer.java:1621)
	at org.apache.pig.PigServer.registerQuery(PigServer.java:575)
	at org.apache.pig.tools.grunt.GruntParser.processPig(GruntParser.java:1093)
	at org.apache.pig.tools.pigscript.parser.PigScriptParser.parse(PigScriptParser.java:501)
	at org.apache.pig.tools.grunt.GruntParser.parseStopOnError(GruntParser.java:198)
	at org.apache.pig.tools.grunt.GruntParser.parseStopOnError(GruntParser.java:173)
	at org.apache.pig.tools.grunt.Grunt.run(Grunt.java:69)
	at org.apache.pig.Main.run(Main.java:541)
	at org.apache.pig.Main.main(Main.java:156)
Caused by: 
<line 4, column 4> pig script failed to validate: org.apache.pig.impl.plan.PlanValidationException: ERROR 2271: Logical plan invalid state: invalid uid -1 in schema : #-1:bytearray,#15:bytearray,#16:bytearray,#17:bytearray
	at org.apache.pig.parser.LogicalPlanBuilder.expandAndResetVisitor(LogicalPlanBuilder.java:410)
	at org.apache.pig.parser.LogicalPlanBuilder.buildForeachOp(LogicalPlanBuilder.java:979)
	at org.apache.pig.parser.LogicalPlanGenerator.foreach_clause(LogicalPlanGenerator.java:15781)
	at org.apache.pig.parser.LogicalPlanGenerator.op_clause(LogicalPlanGenerator.java:1844)
	at org.apache.pig.parser.LogicalPlanGenerator.general_statement(LogicalPlanGenerator.java:1013)
	at org.apache.pig.parser.LogicalPlanGenerator.statement(LogicalPlanGenerator.java:553)
	at org.apache.pig.parser.LogicalPlanGenerator.query(LogicalPlanGenerator.java:421)
	at org.apache.pig.parser.QueryParserDriver.parse(QueryParserDriver.java:188)
	... 10 more
Caused by: org.apache.pig.impl.plan.PlanValidationException: ERROR 2271: Logical plan invalid state: invalid uid -1 in schema : #-1:bytearray,#15:bytearray,#16:bytearray,#17:bytearray
	at org.apache.pig.newplan.logical.optimizer.SchemaResetter.validate(SchemaResetter.java:243)
	at org.apache.pig.newplan.logical.optimizer.SchemaResetter.visit(SchemaResetter.java:123)
	at org.apache.pig.newplan.logical.relational.LOGenerate.accept(LOGenerate.java:246)
	at org.apache.pig.newplan.DependencyOrderWalker.walk(DependencyOrderWalker.java:75)
	at org.apache.pig.newplan.logical.optimizer.SchemaResetter.visit(SchemaResetter.java:114)
	at org.apache.pig.newplan.logical.relational.LOForEach.accept(LOForEach.java:76)
	at org.apache.pig.newplan.DependencyOrderWalker.walk(DependencyOrderWalker.java:75)
	at org.apache.pig.newplan.PlanVisitor.visit(PlanVisitor.java:52)
	at org.apache.pig.parser.LogicalPlanBuilder.expandAndResetVisitor(LogicalPlanBuilder.java:408)
	... 17 more
================================================================================
Pig Stack Trace
---------------
ERROR 1025: 
<line 6, column 23> Invalid field projection. Projected field [A::a] does not exist.

org.apache.pig.impl.plan.PlanValidationException: ERROR 1025: 
<line 6, column 23> Invalid field projection. Projected field [A::a] does not exist.
	at org.apache.pig.newplan.logical.expression.ProjectExpression.findColNum(ProjectExpression.java:191)
	at org.apache.pig.newplan.logical.expression.ProjectExpression.setColumnNumberFromAlias(ProjectExpression.java:174)
	at org.apache.pig.newplan.logical.visitor.ColumnAliasConversionVisitor$1.visit(ColumnAliasConversionVisitor.java:53)
	at org.apache.pig.newplan.logical.expression.ProjectExpression.accept(ProjectExpression.java:215)
	at org.apache.pig.newplan.DependencyOrderWalker.walk(DependencyOrderWalker.java:75)
	at org.apache.pig.newplan.PlanVisitor.visit(PlanVisitor.java:52)
	at org.apache.pig.newplan.logical.optimizer.AllExpressionVisitor.visit(AllExpressionVisitor.java:142)
	at org.apache.pig.newplan.logical.relational.LOInnerLoad.accept(LOInnerLoad.java:128)
	at org.apache.pig.newplan.DependencyOrderWalker.walk(DependencyOrderWalker.java:75)
	at org.apache.pig.newplan.logical.optimizer.AllExpressionVisitor.visit(AllExpressionVisitor.java:124)
	at org.apache.pig.newplan.logical.relational.LOForEach.accept(LOForEach.java:76)
	at org.apache.pig.newplan.DependencyOrderWalker.walk(DependencyOrderWalker.java:75)
	at org.apache.pig.newplan.PlanVisitor.visit(PlanVisitor.java:52)
	at org.apache.pig.PigServer$Graph.compile(PigServer.java:1716)
	at org.apache.pig.PigServer$Graph.validateQuery(PigServer.java:1649)
	at org.apache.pig.PigServer$Graph.registerQuery(PigServer.java:1621)
	at org.apache.pig.PigServer.registerQuery(PigServer.java:575)
	at org.apache.pig.tools.grunt.GruntParser.processPig(GruntParser.java:1093)
	at org.apache.pig.tools.pigscript.parser.PigScriptParser.parse(PigScriptParser.java:501)
	at org.apache.pig.tools.grunt.GruntParser.parseStopOnError(GruntParser.java:198)
	at org.apache.pig.tools.grunt.GruntParser.parseStopOnError(GruntParser.java:173)
	at org.apache.pig.tools.grunt.Grunt.run(Grunt.java:69)
	at org.apache.pig.Main.run(Main.java:541)
	at org.apache.pig.Main.main(Main.java:156)
================================================================================
